<?xml version="1.0" encoding="UTF-8"?>
<Site BuildName="Linux-clang++"
	BuildStamp="20220403-1220-Experimental"
	Name="fakethinkpad"
	Generator="ctest-3.23.0"
	CompilerName="/usr/lib/llvm/14/bin/clang++"
	CompilerVersion="14.0.0"
	OSName="Linux"
	Hostname="fakethinkpad"
	OSRelease="5.17.1-gentoo-r1"
	OSVersion="#1 SMP Sat Apr 2 18:11:39 BST 2022"
	OSPlatform="x86_64"
	Is64Bits="1"
	VendorString="GenuineIntel"
	VendorID="Intel Corporation"
	FamilyID="6"
	ModelID="142"
	ProcessorCacheSize="6144"
	NumberOfLogicalCPU="8"
	NumberOfPhysicalCPU="4"
	TotalVirtualMemory="16383"
	TotalPhysicalMemory="7663"
	LogicalProcessorsPerPhysical="2"
	ProcessorClockFrequency="3546.72"
	>
	<Testing>
		<StartDateTime>Apr 03 13:20 BST</StartDateTime>
		<StartTestTime>1648988417</StartTestTime>
		<TestList/>
		<EndDateTime>Apr 03 13:20 BST</EndDateTime>
		<EndTestTime>1648988417</EndTestTime>
		<ElapsedMinutes>0</ElapsedMinutes>
	</Testing>
</Site>
